[2016-03-14 16:35:36 127] [main:0] [com.yaoyaohao.surface.common.util.UipServiceUtil.callUip(UipServiceUtil.java:33)] [DEBUG] 
[2016-03-14 16:35:36 130] [main:3] [com.yaoyaohao.surface.common.util.UipServiceUtil.callUip(UipServiceUtil.java:34)] [DEBUG] UIP接口调用----->服务编码 :spesService, 交易代码 :querySimpleAct
[2016-03-14 16:35:36 161] [main:34] [com.yaoyaohao.surface.common.util.UipServiceUtil.callUip(UipServiceUtil.java:35)] [DEBUG] UIP接口调用----->调用参数 :{"provinceId":"11111111","queryFlag":"2","cityId":"11111112","productList":{"productInfo":[{"productId":"XLP00000002"},{"productId":"XLP00000003"},{"productId":"XLP00000005"},{"productId":"XLP00000001"},{"productId":"XLP00000002"},{"productId":"XLP00000003"},{"productId":"XLP00000004"},{"productId":"XLP00000005"},{"productId":"XLP00000006"},{"productId":"XLP00000007"},{"productId":"XLP00000008"},{"productId":"XLP00000009"},{"productId":"XLP000000010"},{"productId":"XLP00000011"},{"productId":"XLP00000012"},{"productId":"XLP00000013"},{"productId":"XLP00000014"},{"productId":"XLP00000015"},{"productId":"XLP00000016"},{"productId":"XLP00000017"},{"productId":"XLP00000018"},{"productId":"XLP00000019"},{"productId":"XLP00000020"}]},"userId":"4","memberType":"1591","memberId":"77777"}
[2016-03-14 16:35:39 370] [main:3243] [com.yaoyaohao.surface.common.util.UipServiceUtil.callUip(UipServiceUtil.java:61)] [DEBUG] UIP接口调用----->返回结果 :{"returnCode":"9006","returnMsg":"连接UIP超时异常:http://172.16.8.1:8090/uip/esb2bss::java.net.SocketTimeoutException::connect timed out"}
[2016-03-14 16:35:39 422] [main:3295] [com.yaoyaohao.surface.common.util.UipServiceUtil.callUip(UipServiceUtil.java:33)] [DEBUG] 
[2016-03-14 16:35:39 422] [main:3295] [com.yaoyaohao.surface.common.util.UipServiceUtil.callUip(UipServiceUtil.java:34)] [DEBUG] UIP接口调用----->服务编码 :MemberService, 交易代码 :mQueryCus
[2016-03-14 16:35:39 423] [main:3296] [com.yaoyaohao.surface.common.util.UipServiceUtil.callUip(UipServiceUtil.java:35)] [DEBUG] UIP接口调用----->调用参数 :{"customerId":"","customerCd":"","userId":"4","customerNm":""}
[2016-03-14 16:35:42 424] [main:6297] [com.yaoyaohao.surface.common.util.UipServiceUtil.callUip(UipServiceUtil.java:61)] [DEBUG] UIP接口调用----->返回结果 :{"returnCode":"9006","returnMsg":"连接UIP超时异常:http://172.16.8.1:8090/uip/esb2bss::java.net.SocketTimeoutException::connect timed out"}
[2016-03-14 16:37:27 485] [main:111358] [com.yaoyaohao.surface.common.util.UipServiceUtil.callUip(UipServiceUtil.java:33)] [DEBUG] 
[2016-03-14 16:37:27 486] [main:111359] [com.yaoyaohao.surface.common.util.UipServiceUtil.callUip(UipServiceUtil.java:34)] [DEBUG] UIP接口调用----->服务编码 :GoodsService, 交易代码 :gQueryMercList
[2016-03-14 16:37:27 488] [main:111361] [com.yaoyaohao.surface.common.util.UipServiceUtil.callUip(UipServiceUtil.java:35)] [DEBUG] UIP接口调用----->调用参数 :{"merCdList":[{"merchandiseCd":"XLP00000002"},{"merchandiseCd":"XLP00000003"},{"merchandiseCd":"XZP00000017"},{"merchandiseCd":"HTZ00000014"},{"merchandiseCd":"HXZ00000032"}]}
[2016-03-14 16:37:30 498] [main:114371] [com.yaoyaohao.surface.common.util.UipServiceUtil.callUip(UipServiceUtil.java:61)] [DEBUG] UIP接口调用----->返回结果 :{"returnCode":"9006","returnMsg":"连接UIP超时异常:http://172.16.8.1:8090/uip/esb2bss::java.net.SocketTimeoutException::connect timed out"}
[2016-03-14 16:37:30 500] [main:114373] [com.yaoyaohao.surface.common.service.impl.GoodsServiceImpl.queryGoodsDetailList(GoodsServiceImpl.java:186)] [DEBUG] 调试输出----->返回商品信息 :{"returnCode":"0000","returnMsg":"查询成功","mercInfos":[]}
[2016-03-14 16:37:30 503] [main:114376] [com.yaoyaohao.surface.common.util.UipServiceUtil.callUip(UipServiceUtil.java:33)] [DEBUG] 
[2016-03-14 16:37:30 504] [main:114377] [com.yaoyaohao.surface.common.util.UipServiceUtil.callUip(UipServiceUtil.java:34)] [DEBUG] UIP接口调用----->服务编码 :StockService, 交易代码 :qryGoodsAmount
[2016-03-14 16:37:30 504] [main:114377] [com.yaoyaohao.surface.common.util.UipServiceUtil.callUip(UipServiceUtil.java:35)] [DEBUG] UIP接口调用----->调用参数 :{"goodsConditions":{"goodsCondition":[{"goodsId":"HGA00000002"},{"goodsId":"XLP00000003"},{"goodsId":"HTZ00000014"},{"goodsId":"XZP00000017"},{"goodsId":"HXZ00000032"}]}}
[2016-03-14 16:37:33 508] [main:117381] [com.yaoyaohao.surface.common.util.UipServiceUtil.callUip(UipServiceUtil.java:61)] [DEBUG] UIP接口调用----->返回结果 :{"returnCode":"9006","returnMsg":"连接UIP超时异常:http://172.16.8.1:8090/uip/esb2bss::java.net.SocketTimeoutException::connect timed out"}
[2016-03-14 16:37:33 513] [main:117386] [com.yaoyaohao.surface.common.service.impl.GoodsServiceImpl.queryGoodsDetail(GoodsServiceImpl.java:38)] [DEBUG] +----------------------------------------------------------------------------------------------------+
[2016-03-14 16:37:33 514] [main:117387] [com.yaoyaohao.surface.common.service.impl.GoodsServiceImpl.queryGoodsDetail(GoodsServiceImpl.java:39)] [DEBUG] +                                                  查询商品详细信息
[2016-03-14 16:37:33 514] [main:117387] [com.yaoyaohao.surface.common.service.impl.GoodsServiceImpl.queryGoodsDetail(GoodsServiceImpl.java:40)] [DEBUG] +----------------------------------------------------------------------------------------------------+
[2016-03-14 16:37:54 517] [main:138390] [com.yaoyaohao.surface.common.service.impl.GoodsServiceImpl.queryGoodsDetail(GoodsServiceImpl.java:49)] [DEBUG] Redis 中缓存商品详细信息 :null
[2016-03-14 16:37:54 517] [main:138390] [com.yaoyaohao.surface.common.util.UipServiceUtil.callUip(UipServiceUtil.java:33)] [DEBUG] 
[2016-03-14 16:37:54 517] [main:138390] [com.yaoyaohao.surface.common.util.UipServiceUtil.callUip(UipServiceUtil.java:34)] [DEBUG] UIP接口调用----->服务编码 :GoodsService, 交易代码 :gQueryMerc
[2016-03-14 16:37:54 517] [main:138390] [com.yaoyaohao.surface.common.util.UipServiceUtil.callUip(UipServiceUtil.java:35)] [DEBUG] UIP接口调用----->调用参数 :{"merchandiseCd":"MRA00000001"}
[2016-03-14 16:37:57 521] [main:141394] [com.yaoyaohao.surface.common.util.UipServiceUtil.callUip(UipServiceUtil.java:61)] [DEBUG] UIP接口调用----->返回结果 :{"returnCode":"9006","returnMsg":"连接UIP超时异常:http://172.16.8.1:8090/uip/esb2bss::java.net.SocketTimeoutException::connect timed out"}
[2016-03-14 16:37:57 522] [main:141395] [com.yaoyaohao.test.common.ServiceTest.queryGoodsDetail(ServiceTest.java:59)] [DEBUG] result :{"returnCode":"9006","returnMsg":"连接UIP超时异常:http://172.16.8.1:8090/uip/esb2bss::java.net.SocketTimeoutException::connect timed out"}
[2016-03-14 16:37:57 527] [main:141400] [com.yaoyaohao.surface.common.util.UipServiceUtil.callUip(UipServiceUtil.java:33)] [DEBUG] 
[2016-03-14 16:37:57 528] [main:141401] [com.yaoyaohao.surface.common.util.UipServiceUtil.callUip(UipServiceUtil.java:34)] [DEBUG] UIP接口调用----->服务编码 :spesService, 交易代码 :search4Page
[2016-03-14 16:37:57 529] [main:141402] [com.yaoyaohao.surface.common.util.UipServiceUtil.callUip(UipServiceUtil.java:35)] [DEBUG] UIP接口调用----->调用参数 :{"provinceId":"aa","cityId":"4","productList":{"productInfo":[{"productId":"XLP00000005"}]},"userId":"4","memberType":"1584","memberId":"4"}
[2016-03-14 16:38:00 535] [main:144408] [com.yaoyaohao.surface.common.util.UipServiceUtil.callUip(UipServiceUtil.java:61)] [DEBUG] UIP接口调用----->返回结果 :{"returnCode":"9006","returnMsg":"连接UIP超时异常:http://172.16.8.1:8090/uip/esb2bss::java.net.SocketTimeoutException::connect timed out"}
[2016-03-14 16:38:00 548] [main:144421] [com.yaoyaohao.surface.common.util.UipServiceUtil.callUip(UipServiceUtil.java:33)] [DEBUG] 
[2016-03-14 16:38:00 548] [main:144421] [com.yaoyaohao.surface.common.util.UipServiceUtil.callUip(UipServiceUtil.java:34)] [DEBUG] UIP接口调用----->服务编码 :GoodsService, 交易代码 :gQueryGoodsCrumbs
[2016-03-14 16:38:00 549] [main:144422] [com.yaoyaohao.surface.common.util.UipServiceUtil.callUip(UipServiceUtil.java:35)] [DEBUG] UIP接口调用----->调用参数 :{"merchandiseId":6813,"merchandiseCd":"XLP00000002"}
[2016-03-14 16:38:03 556] [main:147429] [com.yaoyaohao.surface.common.util.UipServiceUtil.callUip(UipServiceUtil.java:61)] [DEBUG] UIP接口调用----->返回结果 :{"returnCode":"9006","returnMsg":"连接UIP超时异常:http://172.16.8.1:8090/uip/esb2bss::java.net.SocketTimeoutException::connect timed out"}
[2016-03-14 16:38:24 569] [main:168442] [com.yaoyaohao.surface.common.service.impl.GoodsServiceImpl.queryGoodsInfoList(GoodsServiceImpl.java:89)] [DEBUG] 调试输出----->redis 返回数据 商品详细信息:null
[2016-03-14 16:38:45 583] [main:189456] [com.yaoyaohao.surface.common.service.impl.GoodsServiceImpl.queryGoodsInfoList(GoodsServiceImpl.java:89)] [DEBUG] 调试输出----->redis 返回数据 商品详细信息:null
[2016-03-14 16:38:45 583] [main:189456] [com.yaoyaohao.surface.common.util.UipServiceUtil.callUip(UipServiceUtil.java:33)] [DEBUG] 
[2016-03-14 16:38:45 583] [main:189456] [com.yaoyaohao.surface.common.util.UipServiceUtil.callUip(UipServiceUtil.java:34)] [DEBUG] UIP接口调用----->服务编码 :GoodsService, 交易代码 :gQueryMercInfos
[2016-03-14 16:38:45 583] [main:189456] [com.yaoyaohao.surface.common.util.UipServiceUtil.callUip(UipServiceUtil.java:35)] [DEBUG] UIP接口调用----->调用参数 :{"merCdList":[{"merchandiseCd":"XLP00000002"},{"merchandiseCd":"XLP00000003"}]}
[2016-03-14 16:38:48 587] [main:192460] [com.yaoyaohao.surface.common.util.UipServiceUtil.callUip(UipServiceUtil.java:61)] [DEBUG] UIP接口调用----->返回结果 :{"returnCode":"9006","returnMsg":"连接UIP超时异常:http://172.16.8.1:8090/uip/esb2bss::java.net.SocketTimeoutException::connect timed out"}
[2016-03-14 16:38:48 588] [main:192461] [com.yaoyaohao.surface.common.service.impl.GoodsServiceImpl.queryGoodsInfoList(GoodsServiceImpl.java:127)] [DEBUG] 调试输出----->返回商品信息 :{"returnCode":"0000","returnMsg":"查询成功","mercInfos":[]}
[2016-03-14 16:38:48 594] [main:192467] [com.yaoyaohao.surface.common.util.UipServiceUtil.callUip(UipServiceUtil.java:33)] [DEBUG] 
[2016-03-14 16:38:48 594] [main:192467] [com.yaoyaohao.surface.common.util.UipServiceUtil.callUip(UipServiceUtil.java:34)] [DEBUG] UIP接口调用----->服务编码 :spesService, 交易代码 :querySimpleAct
[2016-03-14 16:38:48 595] [main:192468] [com.yaoyaohao.surface.common.util.UipServiceUtil.callUip(UipServiceUtil.java:35)] [DEBUG] UIP接口调用----->调用参数 :{"provinceId":"33","queryFlag":"2","cityId":"3203","productList":{"productInfo":[{"productId":"HTZ00000014"},{"productId":"XZP00000017"},{"productId":"HXZ00000032"}]},"userId":"5","memberType":"1668","memberId":"5"}
[2016-03-14 16:38:51 602] [main:195475] [com.yaoyaohao.surface.common.util.UipServiceUtil.callUip(UipServiceUtil.java:61)] [DEBUG] UIP接口调用----->返回结果 :{"returnCode":"9006","returnMsg":"连接UIP超时异常:http://172.16.8.1:8090/uip/esb2bss::java.net.SocketTimeoutException::connect timed out"}
[2016-03-14 16:38:51 603] [main:195476] [com.yaoyaohao.test.common.ServiceTest.queryGoodsPrices(ServiceTest.java:349)] [DEBUG] 调试输出----->result :{"returnCode":"9006","returnMsg":"连接UIP超时异常:http://172.16.8.1:8090/uip/esb2bss::java.net.SocketTimeoutException::connect timed out"}
[2016-03-14 16:38:51 608] [main:195481] [com.yaoyaohao.surface.common.util.UipServiceUtil.callUip(UipServiceUtil.java:33)] [DEBUG] 
[2016-03-14 16:38:51 609] [main:195482] [com.yaoyaohao.surface.common.util.UipServiceUtil.callUip(UipServiceUtil.java:34)] [DEBUG] UIP接口调用----->服务编码 :ContentService, 交易代码 :qryModelContent
[2016-03-14 16:38:51 610] [main:195483] [com.yaoyaohao.surface.common.util.UipServiceUtil.callUip(UipServiceUtil.java:35)] [DEBUG] UIP接口调用----->调用参数 :{"modelCode":"hotList"}
[2016-03-14 16:38:54 616] [main:198489] [com.yaoyaohao.surface.common.util.UipServiceUtil.callUip(UipServiceUtil.java:61)] [DEBUG] UIP接口调用----->返回结果 :{"returnCode":"9006","returnMsg":"连接UIP超时异常:http://172.16.8.1:8090/uip/esb2bss::java.net.SocketTimeoutException::connect timed out"}
[2016-03-14 16:39:36 642] [main:240515] [com.yaoyaohao.surface.common.util.UipServiceUtil.callUip(UipServiceUtil.java:33)] [DEBUG] 
[2016-03-14 16:39:36 643] [main:240516] [com.yaoyaohao.surface.common.util.UipServiceUtil.callUip(UipServiceUtil.java:34)] [DEBUG] UIP接口调用----->服务编码 :GoodsService, 交易代码 :gQueryMercList
[2016-03-14 16:39:36 644] [main:240517] [com.yaoyaohao.surface.common.util.UipServiceUtil.callUip(UipServiceUtil.java:35)] [DEBUG] UIP接口调用----->调用参数 :{"merCdList":[{"merchandiseCd":"XLP00000002"},{"merchandiseCd":"XLP00000002"}]}
[2016-03-14 16:39:39 649] [main:243522] [com.yaoyaohao.surface.common.util.UipServiceUtil.callUip(UipServiceUtil.java:61)] [DEBUG] UIP接口调用----->返回结果 :{"returnCode":"9006","returnMsg":"连接UIP超时异常:http://172.16.8.1:8090/uip/esb2bss::java.net.SocketTimeoutException::connect timed out"}
[2016-03-14 16:39:39 650] [main:243523] [com.yaoyaohao.surface.common.service.impl.GoodsServiceImpl.queryGoodsDetailList(GoodsServiceImpl.java:186)] [DEBUG] 调试输出----->返回商品信息 :{"returnCode":"0000","returnMsg":"查询成功","mercInfos":[]}
[2016-03-14 16:39:39 650] [main:243523] [com.yaoyaohao.test.common.ServiceTest.queryGoodsAllDetailList(ServiceTest.java:365)] [DEBUG] {"goodsList":[{"merchandiseCd":"XLP00000002"},{"merchandiseCd":"XLP00000002"}],"info":"没有可销售商品","code":0}
[2016-03-14 16:39:39 651] [main:243524] [com.yaoyaohao.surface.common.util.UipServiceUtil.callUip(UipServiceUtil.java:33)] [DEBUG] 
[2016-03-14 16:39:39 651] [main:243524] [com.yaoyaohao.surface.common.util.UipServiceUtil.callUip(UipServiceUtil.java:34)] [DEBUG] UIP接口调用----->服务编码 :GoodsService, 交易代码 :gQueryMercLimit
[2016-03-14 16:39:39 652] [main:243525] [com.yaoyaohao.surface.common.util.UipServiceUtil.callUip(UipServiceUtil.java:35)] [DEBUG] UIP接口调用----->调用参数 :{"merInfos":[{"merchandiseId":6813,"merchandiseCd":"XLP00000002"},{"merchandiseId":6813,"merchandiseCd":"XLP00000002"}]}
[2016-03-14 16:39:42 655] [main:246528] [com.yaoyaohao.surface.common.util.UipServiceUtil.callUip(UipServiceUtil.java:61)] [DEBUG] UIP接口调用----->返回结果 :{"returnCode":"9006","returnMsg":"连接UIP超时异常:http://172.16.8.1:8090/uip/esb2bss::java.net.SocketTimeoutException::connect timed out"}
[2016-03-14 16:39:42 660] [main:246533] [com.yaoyaohao.surface.common.service.impl.GoodsServiceImpl.queryGoodsLimit(GoodsServiceImpl.java:191)] [DEBUG] +----------------------------------------------------------------------------------------------------+
[2016-03-14 16:39:42 661] [main:246534] [com.yaoyaohao.surface.common.service.impl.GoodsServiceImpl.queryGoodsLimit(GoodsServiceImpl.java:192)] [DEBUG] +                                                  查询商品销售限制信息
[2016-03-14 16:39:42 662] [main:246535] [com.yaoyaohao.surface.common.service.impl.GoodsServiceImpl.queryGoodsLimit(GoodsServiceImpl.java:193)] [DEBUG] +----------------------------------------------------------------------------------------------------+
[2016-03-14 16:40:03 663] [main:267536] [com.yaoyaohao.surface.common.service.impl.GoodsServiceImpl.queryGoodsLimit(GoodsServiceImpl.java:198)] [DEBUG] Redis 缓存中保存的商品销售限制信息 :{}
[2016-03-14 16:40:03 665] [main:267538] [com.yaoyaohao.surface.common.util.UipServiceUtil.callUip(UipServiceUtil.java:33)] [DEBUG] 
[2016-03-14 16:40:03 665] [main:267538] [com.yaoyaohao.surface.common.util.UipServiceUtil.callUip(UipServiceUtil.java:34)] [DEBUG] UIP接口调用----->服务编码 :GoodsService, 交易代码 :gQueryMercLimit
[2016-03-14 16:40:03 666] [main:267539] [com.yaoyaohao.surface.common.util.UipServiceUtil.callUip(UipServiceUtil.java:35)] [DEBUG] UIP接口调用----->调用参数 :{"merInfos":{"merInfo":[{"merchandiseCd":"PWS00000006"}]}}
[2016-03-14 16:40:06 672] [main:270545] [com.yaoyaohao.surface.common.util.UipServiceUtil.callUip(UipServiceUtil.java:61)] [DEBUG] UIP接口调用----->返回结果 :{"returnCode":"9006","returnMsg":"连接UIP超时异常:http://172.16.8.1:8090/uip/esb2bss::java.net.SocketTimeoutException::connect timed out"}
[2016-03-14 16:40:06 673] [main:270546] [com.yaoyaohao.surface.common.service.impl.GoodsServiceImpl.queryGoodsLimit(GoodsServiceImpl.java:216)] [DEBUG] UIP 返回商品销售限制信息 :{"returnCode":"9006","returnMsg":"连接UIP超时异常:http://172.16.8.1:8090/uip/esb2bss::java.net.SocketTimeoutException::connect timed out"}
[2016-03-14 16:40:06 673] [main:270546] [com.yaoyaohao.surface.common.service.impl.GoodsServiceImpl.queryGoodsLimit(GoodsServiceImpl.java:244)] [DEBUG] 商品销售限制信息 :{"returnCode":"9006","returnMsg":"连接UIP超时异常:http://172.16.8.1:8090/uip/esb2bss::java.net.SocketTimeoutException::connect timed out"}
[2016-03-14 16:40:06 674] [main:270547] [com.yaoyaohao.surface.common.util.UipServiceUtil.callUip(UipServiceUtil.java:33)] [DEBUG] 
[2016-03-14 16:40:06 675] [main:270548] [com.yaoyaohao.surface.common.util.UipServiceUtil.callUip(UipServiceUtil.java:34)] [DEBUG] UIP接口调用----->服务编码 :GoodsService, 交易代码 :gQueryMercPrice
[2016-03-14 16:40:06 675] [main:270548] [com.yaoyaohao.surface.common.util.UipServiceUtil.callUip(UipServiceUtil.java:35)] [DEBUG] UIP接口调用----->调用参数 :{"cityCd":"a","merchandiseId":6813,"merchandiseCd":"XLP00000002"}
[2016-03-14 16:40:09 678] [main:273551] [com.yaoyaohao.surface.common.util.UipServiceUtil.callUip(UipServiceUtil.java:61)] [DEBUG] UIP接口调用----->返回结果 :{"returnCode":"9006","returnMsg":"连接UIP超时异常:http://172.16.8.1:8090/uip/esb2bss::java.net.SocketTimeoutException::connect timed out"}
[2016-03-14 16:41:12 691] [main:336564] [com.yaoyaohao.surface.common.util.UipServiceUtil.callUip(UipServiceUtil.java:33)] [DEBUG] 
[2016-03-14 16:41:12 692] [main:336565] [com.yaoyaohao.surface.common.util.UipServiceUtil.callUip(UipServiceUtil.java:34)] [DEBUG] UIP接口调用----->服务编码 :GoodsService, 交易代码 :gQueryMercLimit
[2016-03-14 16:41:12 693] [main:336566] [com.yaoyaohao.surface.common.util.UipServiceUtil.callUip(UipServiceUtil.java:35)] [DEBUG] UIP接口调用----->调用参数 :{"merInfos":{"merInfo":[{"merchandiseCd":"XLP00000002"},{"merchandiseCd":"XLP00000003"},{"merchandiseCd":"XLP00000004"}]}}
[2016-03-14 16:41:15 700] [main:339573] [com.yaoyaohao.surface.common.util.UipServiceUtil.callUip(UipServiceUtil.java:61)] [DEBUG] UIP接口调用----->返回结果 :{"returnCode":"9006","returnMsg":"连接UIP超时异常:http://172.16.8.1:8090/uip/esb2bss::java.net.SocketTimeoutException::connect timed out"}
[2016-03-14 16:41:15 877] [main:339750] [com.yaoyaohao.test.demo.CategoryTest.getInfo(CategoryTest.java:31)] [DEBUG] 
[2016-03-14 16:41:15 877] [main:339750] [com.yaoyaohao.test.demo.CategoryTest.getInfo(CategoryTest.java:32)] [DEBUG] +----------------------------------------------------------------------------------------------------+
[2016-03-14 16:41:15 877] [main:339750] [com.yaoyaohao.test.demo.CategoryTest.getInfo(CategoryTest.java:33)] [DEBUG] +                                                  根据分类编码查询分类树信息
[2016-03-14 16:41:15 877] [main:339750] [com.yaoyaohao.test.demo.CategoryTest.getInfo(CategoryTest.java:34)] [DEBUG] +----------------------------------------------------------------------------------------------------+
[2016-03-14 16:41:15 878] [main:339751] [com.yaoyaohao.test.demo.CategoryTest.getInfo(CategoryTest.java:37)] [DEBUG] 调试输出----->分类编码 :508
[2016-03-14 16:41:15 878] [main:339751] [com.yaoyaohao.test.demo.CategoryTest.getInfo(CategoryTest.java:38)] [ERROR] 调试输出----->分类编码 :508
[2016-03-14 16:41:37 356] [main:361229] [com.yaoyaohao.test.demo.CategoryTest.getList(CategoryTest.java:49)] [DEBUG] 
[2016-03-14 16:41:37 356] [main:361229] [com.yaoyaohao.test.demo.CategoryTest.getList(CategoryTest.java:50)] [DEBUG] +----------------------------------------------------------------------------------------------------+
[2016-03-14 16:41:37 357] [main:361230] [com.yaoyaohao.test.demo.CategoryTest.getList(CategoryTest.java:51)] [DEBUG] +                                                  根据分类编码查询子分类树列表
[2016-03-14 16:41:37 357] [main:361230] [com.yaoyaohao.test.demo.CategoryTest.getList(CategoryTest.java:52)] [DEBUG] +----------------------------------------------------------------------------------------------------+
[2016-03-14 16:41:37 357] [main:361230] [com.yaoyaohao.test.demo.CategoryTest.getList(CategoryTest.java:55)] [DEBUG] 调试输出----->分类编码 :1
[2016-03-14 16:41:58 501] [main:382374] [com.yaoyaohao.test.demo.ProductTest.getPageList(ProductTest.java:136)] [DEBUG] 
[2016-03-14 16:41:58 502] [main:382375] [com.yaoyaohao.test.demo.ProductTest.getPageList(ProductTest.java:137)] [DEBUG] +----------------------------------------------------------------------------------------------------+
[2016-03-14 16:41:58 502] [main:382375] [com.yaoyaohao.test.demo.ProductTest.getPageList(ProductTest.java:138)] [DEBUG] +                                                  根据分类编码分页查询分类下产品列表
[2016-03-14 16:41:58 502] [main:382375] [com.yaoyaohao.test.demo.ProductTest.getPageList(ProductTest.java:139)] [DEBUG] +----------------------------------------------------------------------------------------------------+
[2016-03-14 16:41:58 502] [main:382375] [com.yaoyaohao.test.demo.ProductTest.getPageList(ProductTest.java:145)] [DEBUG] 调试输出----->分类编码 :508
[2016-03-14 16:41:58 502] [main:382375] [com.yaoyaohao.test.demo.ProductTest.getPageList(ProductTest.java:146)] [DEBUG] 调试输出----->开始位置 :1
[2016-03-14 16:41:58 503] [main:382376] [com.yaoyaohao.test.demo.ProductTest.getPageList(ProductTest.java:147)] [DEBUG] 调试输出----->查询数量 :3
[2016-03-14 16:41:58 503] [main:382376] [com.yaoyaohao.surface.demo.service.impl.ProdServiceImpl.queryListByPageParam(ProdServiceImpl.java:50)] [DEBUG] 调试输出----->传入参数，param :{purchase_id=508, needCount=true, pageSize=3, pageNum=1}
[2016-03-14 16:42:19 661] [main:403534] [com.yaoyaohao.test.demo.ProductTest.getInfo(ProductTest.java:37)] [DEBUG] 
[2016-03-14 16:42:19 661] [main:403534] [com.yaoyaohao.test.demo.ProductTest.getInfo(ProductTest.java:38)] [DEBUG] +----------------------------------------------------------------------------------------------------+
[2016-03-14 16:42:19 662] [main:403535] [com.yaoyaohao.test.demo.ProductTest.getInfo(ProductTest.java:39)] [DEBUG] +                                                  根据产品编码查询产品信息
[2016-03-14 16:42:19 662] [main:403535] [com.yaoyaohao.test.demo.ProductTest.getInfo(ProductTest.java:40)] [DEBUG] +----------------------------------------------------------------------------------------------------+
[2016-03-14 16:42:19 662] [main:403535] [com.yaoyaohao.test.demo.ProductTest.getInfo(ProductTest.java:43)] [DEBUG] 调试输出----->产品编码 :434
[2016-03-14 16:42:40 824] [main:424697] [com.yaoyaohao.test.demo.ProductTest.getList(ProductTest.java:55)] [DEBUG] 
[2016-03-14 16:42:40 825] [main:424698] [com.yaoyaohao.test.demo.ProductTest.getList(ProductTest.java:56)] [DEBUG] +----------------------------------------------------------------------------------------------------+
[2016-03-14 16:42:40 825] [main:424698] [com.yaoyaohao.test.demo.ProductTest.getList(ProductTest.java:57)] [DEBUG] +                                                  根据分类编码查询分类下产品列表
[2016-03-14 16:42:40 825] [main:424698] [com.yaoyaohao.test.demo.ProductTest.getList(ProductTest.java:58)] [DEBUG] +----------------------------------------------------------------------------------------------------+
[2016-03-14 16:42:40 826] [main:424699] [com.yaoyaohao.test.demo.ProductTest.getList(ProductTest.java:61)] [DEBUG] 调试输出----->分类编码 :508
[2016-03-14 16:43:01 951] [main:445824] [com.yaoyaohao.test.demo.ProductTest.getListByPageParam1(ProductTest.java:71)] [DEBUG] 
[2016-03-14 16:43:01 951] [main:445824] [com.yaoyaohao.test.demo.ProductTest.getListByPageParam1(ProductTest.java:72)] [DEBUG] +----------------------------------------------------------------------------------------------------+
[2016-03-14 16:43:01 951] [main:445824] [com.yaoyaohao.test.demo.ProductTest.getListByPageParam1(ProductTest.java:73)] [DEBUG] +                                                  根据分类编码分页查询分类下产品列表
[2016-03-14 16:43:01 952] [main:445825] [com.yaoyaohao.test.demo.ProductTest.getListByPageParam1(ProductTest.java:74)] [DEBUG] +----------------------------------------------------------------------------------------------------+
[2016-03-14 16:43:01 952] [main:445825] [com.yaoyaohao.test.demo.ProductTest.getListByPageParam1(ProductTest.java:79)] [DEBUG] 调试输出----->分类编码 :508
[2016-03-14 16:43:01 952] [main:445825] [com.yaoyaohao.test.demo.ProductTest.getListByPageParam1(ProductTest.java:80)] [DEBUG] 调试输出----->开始位置 :0
[2016-03-14 16:43:01 953] [main:445826] [com.yaoyaohao.test.demo.ProductTest.getListByPageParam1(ProductTest.java:81)] [DEBUG] 调试输出----->查询数量 :3
[2016-03-14 16:43:23 088] [main:466961] [com.yaoyaohao.test.demo.ProductTest.getListByPageParam2(ProductTest.java:91)] [DEBUG] 
[2016-03-14 16:43:23 089] [main:466962] [com.yaoyaohao.test.demo.ProductTest.getListByPageParam2(ProductTest.java:92)] [DEBUG] +----------------------------------------------------------------------------------------------------+
[2016-03-14 16:43:23 089] [main:466962] [com.yaoyaohao.test.demo.ProductTest.getListByPageParam2(ProductTest.java:93)] [DEBUG] +                                                  根据分类编码分页查询分类下产品列表
[2016-03-14 16:43:23 089] [main:466962] [com.yaoyaohao.test.demo.ProductTest.getListByPageParam2(ProductTest.java:94)] [DEBUG] +----------------------------------------------------------------------------------------------------+
[2016-03-14 16:43:23 089] [main:466962] [com.yaoyaohao.test.demo.ProductTest.getListByPageParam2(ProductTest.java:99)] [DEBUG] 调试输出----->分类编码 :508
[2016-03-14 16:43:23 089] [main:466962] [com.yaoyaohao.test.demo.ProductTest.getListByPageParam2(ProductTest.java:100)] [DEBUG] 调试输出----->开始位置 :0
[2016-03-14 16:43:23 089] [main:466962] [com.yaoyaohao.test.demo.ProductTest.getListByPageParam2(ProductTest.java:101)] [DEBUG] 调试输出----->查询数量 :3
[2016-03-14 16:43:44 221] [main:488094] [com.yaoyaohao.test.demo.ProductTest.getListByPageParam3(ProductTest.java:111)] [DEBUG] 
[2016-03-14 16:43:44 221] [main:488094] [com.yaoyaohao.test.demo.ProductTest.getListByPageParam3(ProductTest.java:112)] [DEBUG] +----------------------------------------------------------------------------------------------------+
[2016-03-14 16:43:44 221] [main:488094] [com.yaoyaohao.test.demo.ProductTest.getListByPageParam3(ProductTest.java:113)] [DEBUG] +                                                  根据分类编码分页查询分类下产品列表
[2016-03-14 16:43:44 221] [main:488094] [com.yaoyaohao.test.demo.ProductTest.getListByPageParam3(ProductTest.java:114)] [DEBUG] +----------------------------------------------------------------------------------------------------+
[2016-03-14 16:43:44 221] [main:488094] [com.yaoyaohao.test.demo.ProductTest.getListByPageParam3(ProductTest.java:119)] [DEBUG] 调试输出----->分类编码 :508
[2016-03-14 16:43:44 222] [main:488095] [com.yaoyaohao.test.demo.ProductTest.getListByPageParam3(ProductTest.java:120)] [DEBUG] 调试输出----->开始位置 :0
[2016-03-14 16:43:44 222] [main:488095] [com.yaoyaohao.test.demo.ProductTest.getListByPageParam3(ProductTest.java:121)] [DEBUG] 调试输出----->查询数量 :3
